[debug] [2024-08-13T05:04:52.703Z] ----------------------------------------------------------------------
[debug] [2024-08-13T05:04:52.705Z] Command:       C:\Program Files\nodejs\node.exe C:\Users\seorin\AppData\Roaming\npm\node_modules\firebase-tools\lib\bin\firebase.js deploy
[debug] [2024-08-13T05:04:52.705Z] CLI Version:   13.15.1
[debug] [2024-08-13T05:04:52.705Z] Platform:      win32
[debug] [2024-08-13T05:04:52.706Z] Node Version:  v18.17.0
[debug] [2024-08-13T05:04:52.706Z] Time:          Tue Aug 13 2024 14:04:52 GMT+0900 (대한민국 표준시)
[debug] [2024-08-13T05:04:52.707Z] ----------------------------------------------------------------------
[debug] 
[debug] [2024-08-13T05:04:52.763Z] > command requires scopes: ["email","openid","https://www.googleapis.com/auth/cloudplatformprojects.readonly","https://www.googleapis.com/auth/firebase","https://www.googleapis.com/auth/cloud-platform"]
[debug] [2024-08-13T05:04:52.763Z] > authorizing via signed-in user (rootconsulting.yt@gmail.com)
[debug] [2024-08-13T05:04:52.763Z] [iam] checking project seal-test-be899 for permissions ["firebase.projects.get","firebasehosting.sites.update"]
[debug] [2024-08-13T05:04:52.764Z] > refreshing access token with scopes: []
[debug] [2024-08-13T05:04:52.766Z] >>> [apiv2][query] POST https://www.googleapis.com/oauth2/v3/token [none]
[debug] [2024-08-13T05:04:52.766Z] >>> [apiv2][body] POST https://www.googleapis.com/oauth2/v3/token [omitted]
[debug] [2024-08-13T05:04:53.026Z] <<< [apiv2][status] POST https://www.googleapis.com/oauth2/v3/token 200
[debug] [2024-08-13T05:04:53.027Z] <<< [apiv2][body] POST https://www.googleapis.com/oauth2/v3/token [omitted]
[debug] [2024-08-13T05:04:53.037Z] >>> [apiv2][query] POST https://cloudresourcemanager.googleapis.com/v1/projects/seal-test-be899:testIamPermissions [none]
[debug] [2024-08-13T05:04:53.037Z] >>> [apiv2][(partial)header] POST https://cloudresourcemanager.googleapis.com/v1/projects/seal-test-be899:testIamPermissions x-goog-quota-user=projects/seal-test-be899
[debug] [2024-08-13T05:04:53.037Z] >>> [apiv2][body] POST https://cloudresourcemanager.googleapis.com/v1/projects/seal-test-be899:testIamPermissions {"permissions":["firebase.projects.get","firebasehosting.sites.update"]}
[debug] [2024-08-13T05:04:53.814Z] <<< [apiv2][status] POST https://cloudresourcemanager.googleapis.com/v1/projects/seal-test-be899:testIamPermissions 200
[debug] [2024-08-13T05:04:53.814Z] <<< [apiv2][body] POST https://cloudresourcemanager.googleapis.com/v1/projects/seal-test-be899:testIamPermissions {"permissions":["firebase.projects.get","firebasehosting.sites.update"]}
[debug] [2024-08-13T05:04:53.815Z] >>> [apiv2][query] GET https://firebase.googleapis.com/v1beta1/projects/seal-test-be899 [none]
[debug] [2024-08-13T05:04:54.213Z] <<< [apiv2][status] GET https://firebase.googleapis.com/v1beta1/projects/seal-test-be899 200
[debug] [2024-08-13T05:04:54.214Z] <<< [apiv2][body] GET https://firebase.googleapis.com/v1beta1/projects/seal-test-be899 {"projectId":"seal-test-be899","projectNumber":"746337061496","displayName":"RealPersonality","name":"projects/seal-test-be899","resources":{"hostingSite":"seal-test-be899","storageBucket":"seal-test-be899.appspot.com","locationId":"asia-northeast1"},"state":"ACTIVE","etag":"1_786f339c-2f72-4f28-9c58-3eed1b2aaa86"}
[info] 
[info] === Deploying to 'seal-test-be899'...
[info] 
[info] i  deploying hosting 
[debug] [2024-08-13T05:04:54.219Z] >>> [apiv2][query] POST https://firebasehosting.googleapis.com/v1beta1/projects/-/sites/seal-test-be899/versions [none]
[debug] [2024-08-13T05:04:54.219Z] >>> [apiv2][body] POST https://firebasehosting.googleapis.com/v1beta1/projects/-/sites/seal-test-be899/versions {"status":"CREATED","labels":{"deployment-tool":"cli-firebase"}}
[debug] [2024-08-13T05:04:55.439Z] <<< [apiv2][status] POST https://firebasehosting.googleapis.com/v1beta1/projects/-/sites/seal-test-be899/versions 200
[debug] [2024-08-13T05:04:55.439Z] <<< [apiv2][body] POST https://firebasehosting.googleapis.com/v1beta1/projects/-/sites/seal-test-be899/versions {"name":"projects/746337061496/sites/seal-test-be899/versions/9556f308e5722057","status":"CREATED","config":{},"labels":{"deployment-tool":"cli-firebase"}}
[info] i  hosting[seal-test-be899]: beginning deploy... 
[info] i  hosting[seal-test-be899]: found 22 files in build 
[debug] [2024-08-13T05:04:55.455Z] [hosting] uploading with 200 concurrency
[debug] [2024-08-13T05:04:55.464Z] [hosting] hash cache [YnVpbGQ] stored for 22 files
[debug] [2024-08-13T05:04:55.464Z] [hosting][hash queue][FINAL] {"max":5,"min":1,"avg":1.3181818181818181,"active":0,"complete":22,"success":22,"errored":0,"retried":0,"total":22,"elapsed":7}
[debug] [2024-08-13T05:04:55.464Z] >>> [apiv2][query] POST https://firebasehosting.googleapis.com/v1beta1/projects/746337061496/sites/seal-test-be899/versions/9556f308e5722057:populateFiles [none]
[debug] [2024-08-13T05:04:55.464Z] >>> [apiv2][body] POST https://firebasehosting.googleapis.com/v1beta1/projects/746337061496/sites/seal-test-be899/versions/9556f308e5722057:populateFiles {"files":{"/robots.txt":"b2090cf9761ef60aa06e4fab97679bd43dfa5e5df073701ead5879d7c68f1ec5","/result-sub.xlsx":"4d85526eb6b313c681e97b22381625122bf3713553832abc1dd9e730a81e429f","/result-main.xlsx":"8de45061bab7ad0a45cc8c825cf9297e68560b8aae86e3e679b7e9b9335f3f2b","/newquestion-data.xlsx":"ca52fd12a3f107e8306a193ade58077036e54e04898871cde1e83d34eb7f1e2c","/favicon.png":"72a14a4d1d3f90a21dc87ce90dd9da88c2a7a8bc5a7aeb3dc6ab371dffbfd9d6","/asset-manifest.json":"fa4ceb03672945ca4fbc7b2ff9bad3424550b47282b85cdbb18bf2fab53f2b7a","/static/media/logo_root_header.dd3b56e58d58ba934ad3.png":"71b054562abac8b206686d9f19922ba9fa0fe2c03ac05948e3d3790d9052634f","/static/media/logo_REAL.f6f96abaddbc480cb69f.png":"cb59cb1aa75f1e4057328f87ca7294693517cef453ef6b5356bdad8807560ac0","/static/media/icon_more.1f7e48cd4a55de068bc3445c9e2928fb.svg":"84c5b7b1243519ec33b3785537bc1ac8c33073cffa41b73c34cc1e695a8aa388","/static/media/chartable.afaa3ecdd8cb196e8471.png":"6e4d8c6113438138e1adb1f634fa02fab1ad3b1393eb94a9fa15fad7a878128a","/static/js/main.1bafaaff.js.map":"ad41a6c3292dfe80a7b2bca5d34b1d1bb0f3ec6283c8d35e38a844a77cc0de33","/static/js/main.1bafaaff.js.LICENSE.txt":"5b68cd5b938be3fcf7ad15c632db1bcc94e7cdef9e1233044bc0110152d665f8","/static/js/main.1bafaaff.js":"aaa537fdb6b8cde8732e6b34cdcb19fd4b236aac3cca805e5358113d586b7ec1","/static/js/732.dd1a91d5.chunk.js.map":"0470713502cbb0599b753056c6d6ce8e122858c4994f47adcc11b4dfbfe7b91b","/static/js/732.dd1a91d5.chunk.js":"c79fdccff5b25de58c2db1abdd998a248e8421b3245d19e0dd84feca2b2a4d1e","/static/js/213.df58bdd7.chunk.js.map":"cf9bbb071ce0229e503564ddc685b89f0552ba5b9870c7f865bc66d747da6f12","/static/js/213.df58bdd7.chunk.js.LICENSE.txt":"9c4f935d1df848c5e7ebcb79af9b57cea4110c84691a32f04c83b85325fc562f","/static/js/213.df58bdd7.chunk.js":"51b7341a1f86e9e386dae7cbaaec36c5559394e9efa7bb1cae15dbce9f226214","/static/css/main.fd06d889.css.map":"ec8340e514570b4f8222b215f29c318fb9e819776e38603f0da58766ebdeb80c","/static/css/main.fd06d889.css":"24c56101bcec4bc33e4340af0205fa81b3f9a77220e1c9fb9523579cba7fe8a7","/index.html":"35fb3e5af0c507203774e7fd1dbf679807d372af4bf7c39211e486dd74ac256f","/404.html":"daa499dd96d8229e73235345702ba32f0793f0c8e5c0d30e40e37a5872be57aa"}}
[debug] [2024-08-13T05:04:56.179Z] <<< [apiv2][status] POST https://firebasehosting.googleapis.com/v1beta1/projects/746337061496/sites/seal-test-be899/versions/9556f308e5722057:populateFiles 200
[debug] [2024-08-13T05:04:56.179Z] <<< [apiv2][body] POST https://firebasehosting.googleapis.com/v1beta1/projects/746337061496/sites/seal-test-be899/versions/9556f308e5722057:populateFiles {"uploadRequiredHashes":["84c5b7b1243519ec33b3785537bc1ac8c33073cffa41b73c34cc1e695a8aa388","24c56101bcec4bc33e4340af0205fa81b3f9a77220e1c9fb9523579cba7fe8a7","0470713502cbb0599b753056c6d6ce8e122858c4994f47adcc11b4dfbfe7b91b","71b054562abac8b206686d9f19922ba9fa0fe2c03ac05948e3d3790d9052634f","cf9bbb071ce0229e503564ddc685b89f0552ba5b9870c7f865bc66d747da6f12","51b7341a1f86e9e386dae7cbaaec36c5559394e9efa7bb1cae15dbce9f226214","5b68cd5b938be3fcf7ad15c632db1bcc94e7cdef9e1233044bc0110152d665f8","ca52fd12a3f107e8306a193ade58077036e54e04898871cde1e83d34eb7f1e2c","72a14a4d1d3f90a21dc87ce90dd9da88c2a7a8bc5a7aeb3dc6ab371dffbfd9d6","ad41a6c3292dfe80a7b2bca5d34b1d1bb0f3ec6283c8d35e38a844a77cc0de33","ec8340e514570b4f8222b215f29c318fb9e819776e38603f0da58766ebdeb80c","9c4f935d1df848c5e7ebcb79af9b57cea4110c84691a32f04c83b85325fc562f","6e4d8c6113438138e1adb1f634fa02fab1ad3b1393eb94a9fa15fad7a878128a","c79fdccff5b25de58c2db1abdd998a248e8421b3245d19e0dd84feca2b2a4d1e","fa4ceb03672945ca4fbc7b2ff9bad3424550b47282b85cdbb18bf2fab53f2b7a","4d85526eb6b313c681e97b22381625122bf3713553832abc1dd9e730a81e429f","aaa537fdb6b8cde8732e6b34cdcb19fd4b236aac3cca805e5358113d586b7ec1","8de45061bab7ad0a45cc8c825cf9297e68560b8aae86e3e679b7e9b9335f3f2b","cb59cb1aa75f1e4057328f87ca7294693517cef453ef6b5356bdad8807560ac0"],"uploadUrl":"https://upload-firebasehosting.googleapis.com/upload/sites/seal-test-be899/versions/9556f308e5722057/files"}
[debug] [2024-08-13T05:04:56.182Z] >>> [apiv2][query] POST https://upload-firebasehosting.googleapis.com/upload/sites/seal-test-be899/versions/9556f308e5722057/files/84c5b7b1243519ec33b3785537bc1ac8c33073cffa41b73c34cc1e695a8aa388 [none]
[debug] [2024-08-13T05:04:56.182Z] >>> [apiv2][body] POST https://upload-firebasehosting.googleapis.com/upload/sites/seal-test-be899/versions/9556f308e5722057/files/84c5b7b1243519ec33b3785537bc1ac8c33073cffa41b73c34cc1e695a8aa388 [stream]
[debug] [2024-08-13T05:04:56.182Z] >>> [apiv2][query] POST https://upload-firebasehosting.googleapis.com/upload/sites/seal-test-be899/versions/9556f308e5722057/files/24c56101bcec4bc33e4340af0205fa81b3f9a77220e1c9fb9523579cba7fe8a7 [none]
[debug] [2024-08-13T05:04:56.183Z] >>> [apiv2][body] POST https://upload-firebasehosting.googleapis.com/upload/sites/seal-test-be899/versions/9556f308e5722057/files/24c56101bcec4bc33e4340af0205fa81b3f9a77220e1c9fb9523579cba7fe8a7 [stream]
[debug] [2024-08-13T05:04:56.183Z] >>> [apiv2][query] POST https://upload-firebasehosting.googleapis.com/upload/sites/seal-test-be899/versions/9556f308e5722057/files/0470713502cbb0599b753056c6d6ce8e122858c4994f47adcc11b4dfbfe7b91b [none]
[debug] [2024-08-13T05:04:56.183Z] >>> [apiv2][body] POST https://upload-firebasehosting.googleapis.com/upload/sites/seal-test-be899/versions/9556f308e5722057/files/0470713502cbb0599b753056c6d6ce8e122858c4994f47adcc11b4dfbfe7b91b [stream]
[debug] [2024-08-13T05:04:56.184Z] >>> [apiv2][query] POST https://upload-firebasehosting.googleapis.com/upload/sites/seal-test-be899/versions/9556f308e5722057/files/71b054562abac8b206686d9f19922ba9fa0fe2c03ac05948e3d3790d9052634f [none]
[debug] [2024-08-13T05:04:56.184Z] >>> [apiv2][body] POST https://upload-firebasehosting.googleapis.com/upload/sites/seal-test-be899/versions/9556f308e5722057/files/71b054562abac8b206686d9f19922ba9fa0fe2c03ac05948e3d3790d9052634f [stream]
[debug] [2024-08-13T05:04:56.185Z] >>> [apiv2][query] POST https://upload-firebasehosting.googleapis.com/upload/sites/seal-test-be899/versions/9556f308e5722057/files/cf9bbb071ce0229e503564ddc685b89f0552ba5b9870c7f865bc66d747da6f12 [none]
[debug] [2024-08-13T05:04:56.185Z] >>> [apiv2][body] POST https://upload-firebasehosting.googleapis.com/upload/sites/seal-test-be899/versions/9556f308e5722057/files/cf9bbb071ce0229e503564ddc685b89f0552ba5b9870c7f865bc66d747da6f12 [stream]
[debug] [2024-08-13T05:04:56.186Z] >>> [apiv2][query] POST https://upload-firebasehosting.googleapis.com/upload/sites/seal-test-be899/versions/9556f308e5722057/files/51b7341a1f86e9e386dae7cbaaec36c5559394e9efa7bb1cae15dbce9f226214 [none]
[debug] [2024-08-13T05:04:56.186Z] >>> [apiv2][body] POST https://upload-firebasehosting.googleapis.com/upload/sites/seal-test-be899/versions/9556f308e5722057/files/51b7341a1f86e9e386dae7cbaaec36c5559394e9efa7bb1cae15dbce9f226214 [stream]
[debug] [2024-08-13T05:04:56.186Z] >>> [apiv2][query] POST https://upload-firebasehosting.googleapis.com/upload/sites/seal-test-be899/versions/9556f308e5722057/files/5b68cd5b938be3fcf7ad15c632db1bcc94e7cdef9e1233044bc0110152d665f8 [none]
[debug] [2024-08-13T05:04:56.187Z] >>> [apiv2][body] POST https://upload-firebasehosting.googleapis.com/upload/sites/seal-test-be899/versions/9556f308e5722057/files/5b68cd5b938be3fcf7ad15c632db1bcc94e7cdef9e1233044bc0110152d665f8 [stream]
[debug] [2024-08-13T05:04:56.187Z] >>> [apiv2][query] POST https://upload-firebasehosting.googleapis.com/upload/sites/seal-test-be899/versions/9556f308e5722057/files/ca52fd12a3f107e8306a193ade58077036e54e04898871cde1e83d34eb7f1e2c [none]
[debug] [2024-08-13T05:04:56.187Z] >>> [apiv2][body] POST https://upload-firebasehosting.googleapis.com/upload/sites/seal-test-be899/versions/9556f308e5722057/files/ca52fd12a3f107e8306a193ade58077036e54e04898871cde1e83d34eb7f1e2c [stream]
[debug] [2024-08-13T05:04:56.188Z] >>> [apiv2][query] POST https://upload-firebasehosting.googleapis.com/upload/sites/seal-test-be899/versions/9556f308e5722057/files/72a14a4d1d3f90a21dc87ce90dd9da88c2a7a8bc5a7aeb3dc6ab371dffbfd9d6 [none]
[debug] [2024-08-13T05:04:56.188Z] >>> [apiv2][body] POST https://upload-firebasehosting.googleapis.com/upload/sites/seal-test-be899/versions/9556f308e5722057/files/72a14a4d1d3f90a21dc87ce90dd9da88c2a7a8bc5a7aeb3dc6ab371dffbfd9d6 [stream]
[debug] [2024-08-13T05:04:56.189Z] >>> [apiv2][query] POST https://upload-firebasehosting.googleapis.com/upload/sites/seal-test-be899/versions/9556f308e5722057/files/ad41a6c3292dfe80a7b2bca5d34b1d1bb0f3ec6283c8d35e38a844a77cc0de33 [none]
[debug] [2024-08-13T05:04:56.189Z] >>> [apiv2][body] POST https://upload-firebasehosting.googleapis.com/upload/sites/seal-test-be899/versions/9556f308e5722057/files/ad41a6c3292dfe80a7b2bca5d34b1d1bb0f3ec6283c8d35e38a844a77cc0de33 [stream]
[debug] [2024-08-13T05:04:56.189Z] >>> [apiv2][query] POST https://upload-firebasehosting.googleapis.com/upload/sites/seal-test-be899/versions/9556f308e5722057/files/ec8340e514570b4f8222b215f29c318fb9e819776e38603f0da58766ebdeb80c [none]
[debug] [2024-08-13T05:04:56.189Z] >>> [apiv2][body] POST https://upload-firebasehosting.googleapis.com/upload/sites/seal-test-be899/versions/9556f308e5722057/files/ec8340e514570b4f8222b215f29c318fb9e819776e38603f0da58766ebdeb80c [stream]
[debug] [2024-08-13T05:04:56.190Z] >>> [apiv2][query] POST https://upload-firebasehosting.googleapis.com/upload/sites/seal-test-be899/versions/9556f308e5722057/files/9c4f935d1df848c5e7ebcb79af9b57cea4110c84691a32f04c83b85325fc562f [none]
[debug] [2024-08-13T05:04:56.190Z] >>> [apiv2][body] POST https://upload-firebasehosting.googleapis.com/upload/sites/seal-test-be899/versions/9556f308e5722057/files/9c4f935d1df848c5e7ebcb79af9b57cea4110c84691a32f04c83b85325fc562f [stream]
[debug] [2024-08-13T05:04:56.190Z] >>> [apiv2][query] POST https://upload-firebasehosting.googleapis.com/upload/sites/seal-test-be899/versions/9556f308e5722057/files/6e4d8c6113438138e1adb1f634fa02fab1ad3b1393eb94a9fa15fad7a878128a [none]
[debug] [2024-08-13T05:04:56.190Z] >>> [apiv2][body] POST https://upload-firebasehosting.googleapis.com/upload/sites/seal-test-be899/versions/9556f308e5722057/files/6e4d8c6113438138e1adb1f634fa02fab1ad3b1393eb94a9fa15fad7a878128a [stream]
[debug] [2024-08-13T05:04:56.191Z] >>> [apiv2][query] POST https://upload-firebasehosting.googleapis.com/upload/sites/seal-test-be899/versions/9556f308e5722057/files/c79fdccff5b25de58c2db1abdd998a248e8421b3245d19e0dd84feca2b2a4d1e [none]
[debug] [2024-08-13T05:04:56.191Z] >>> [apiv2][body] POST https://upload-firebasehosting.googleapis.com/upload/sites/seal-test-be899/versions/9556f308e5722057/files/c79fdccff5b25de58c2db1abdd998a248e8421b3245d19e0dd84feca2b2a4d1e [stream]
[debug] [2024-08-13T05:04:56.192Z] >>> [apiv2][query] POST https://upload-firebasehosting.googleapis.com/upload/sites/seal-test-be899/versions/9556f308e5722057/files/fa4ceb03672945ca4fbc7b2ff9bad3424550b47282b85cdbb18bf2fab53f2b7a [none]
[debug] [2024-08-13T05:04:56.192Z] >>> [apiv2][body] POST https://upload-firebasehosting.googleapis.com/upload/sites/seal-test-be899/versions/9556f308e5722057/files/fa4ceb03672945ca4fbc7b2ff9bad3424550b47282b85cdbb18bf2fab53f2b7a [stream]
[debug] [2024-08-13T05:04:56.192Z] >>> [apiv2][query] POST https://upload-firebasehosting.googleapis.com/upload/sites/seal-test-be899/versions/9556f308e5722057/files/4d85526eb6b313c681e97b22381625122bf3713553832abc1dd9e730a81e429f [none]
[debug] [2024-08-13T05:04:56.192Z] >>> [apiv2][body] POST https://upload-firebasehosting.googleapis.com/upload/sites/seal-test-be899/versions/9556f308e5722057/files/4d85526eb6b313c681e97b22381625122bf3713553832abc1dd9e730a81e429f [stream]
[debug] [2024-08-13T05:04:56.193Z] >>> [apiv2][query] POST https://upload-firebasehosting.googleapis.com/upload/sites/seal-test-be899/versions/9556f308e5722057/files/aaa537fdb6b8cde8732e6b34cdcb19fd4b236aac3cca805e5358113d586b7ec1 [none]
[debug] [2024-08-13T05:04:56.193Z] >>> [apiv2][body] POST https://upload-firebasehosting.googleapis.com/upload/sites/seal-test-be899/versions/9556f308e5722057/files/aaa537fdb6b8cde8732e6b34cdcb19fd4b236aac3cca805e5358113d586b7ec1 [stream]
[debug] [2024-08-13T05:04:56.194Z] >>> [apiv2][query] POST https://upload-firebasehosting.googleapis.com/upload/sites/seal-test-be899/versions/9556f308e5722057/files/8de45061bab7ad0a45cc8c825cf9297e68560b8aae86e3e679b7e9b9335f3f2b [none]
[debug] [2024-08-13T05:04:56.194Z] >>> [apiv2][body] POST https://upload-firebasehosting.googleapis.com/upload/sites/seal-test-be899/versions/9556f308e5722057/files/8de45061bab7ad0a45cc8c825cf9297e68560b8aae86e3e679b7e9b9335f3f2b [stream]
[debug] [2024-08-13T05:04:56.194Z] >>> [apiv2][query] POST https://upload-firebasehosting.googleapis.com/upload/sites/seal-test-be899/versions/9556f308e5722057/files/cb59cb1aa75f1e4057328f87ca7294693517cef453ef6b5356bdad8807560ac0 [none]
[debug] [2024-08-13T05:04:56.194Z] >>> [apiv2][body] POST https://upload-firebasehosting.googleapis.com/upload/sites/seal-test-be899/versions/9556f308e5722057/files/cb59cb1aa75f1e4057328f87ca7294693517cef453ef6b5356bdad8807560ac0 [stream]
[debug] [2024-08-13T05:04:56.195Z] [hosting][populate queue][FINAL] {"max":718,"min":718,"avg":718,"active":0,"complete":1,"success":1,"errored":0,"retried":0,"total":1,"elapsed":732}
[debug] [2024-08-13T05:04:56.195Z] [hosting] uploads queued: 19
